<?xml version="1.0" encoding="UTF-8"?>
<!-- Generated by org.testng.reporters.JUnitReportReporter -->
<testsuite hostname="DESKTOP-OR6VU5V" name="HandlingDifferentWaits.ImlicitWaitDemo" tests="1" failures="0" timestamp="3 Aug 2020 18:31:57 GMT" time="14.212" errors="0">
  <testcase name="Test" time="14.212" classname="HandlingDifferentWaits.ImlicitWaitDemo"/>
</testsuite> <!-- HandlingDifferentWaits.ImlicitWaitDemo -->
